<?xml version="1.0" encoding="UTF-8"?>
<!-- Generated by org.testng.reporters.JUnitXMLReporter -->
<testsuite ignored="0" hostname="IND-CHN-LT12587" failures="0" tests="3" name="Default test" time="0.083" errors="0" timestamp="2024-10-23T13:42:17 IST">
  <testcase classname="TestNG.ParallelExecution" name="test1" time="0.013"/>
  <testcase classname="TestNG.ParallelExecution" name="test2" time="0.003"/>
  <testcase classname="TestNG.ParallelExecution" name="test3" time="0.002"/>
</testsuite> <!-- Default test -->
