<?xml version="1.0" encoding="UTF-8"?>
<!-- Generated by org.testng.reporters.JUnitXMLReporter -->
<testsuite ignored="0" hostname="IND-CHN-LT12587" failures="0" tests="7" name="AssertDemo" time="0.024" errors="0" timestamp="2024-09-11T23:13:11 IST">
  <testcase classname="Selenium_Grid.AssertDemo" name="test1" time="0.001"/>
  <testcase classname="Selenium_Grid.AssertDemo" name="test2" time="0.001"/>
  <testcase classname="Selenium_Grid.AssertDemo" name="test3" time="0.001"/>
  <testcase classname="Selenium_Grid.AssertDemo" name="test4" time="0.001"/>
  <testcase classname="Selenium_Grid.AssertDemo" name="test5" time="0.001"/>
  <testcase classname="Selenium_Grid.AssertDemo" name="test6" time="0.002"/>
  <testcase classname="Selenium_Grid.AssertDemo" name="test7" time="0.002"/>
</testsuite> <!-- AssertDemo -->
