<?xml version="1.0" encoding="UTF-8"?>
<!-- Generated by org.testng.reporters.JUnitXMLReporter -->
<testsuite ignored="0" hostname="IND-CHN-LT12587" failures="0" tests="4" name="MyFirstTestNG2" time="0.018" errors="0" timestamp="2024-09-11T23:13:11 IST">
  <testcase classname="Selenium_Grid.MyFirstTestNG2" name="logout" time="0.002"/>
  <testcase classname="Selenium_Grid.MyFirstTestNG2" name="payment" time="0.002"/>
  <testcase classname="Selenium_Grid.MyFirstTestNG2" name="login" time="0.001"/>
  <testcase classname="Selenium_Grid.MyFirstTestNG2" name="createAccount" time="0.002"/>
</testsuite> <!-- MyFirstTestNG2 -->
