<?xml version="1.0" encoding="UTF-8"?>
<!-- Generated by org.testng.reporters.JUnitXMLReporter -->
<testsuite ignored="0" hostname="IND-CHN-LT12587" failures="0" tests="3" name="MyFirstTestNG" time="0.012" errors="0" timestamp="2024-09-11T23:13:11 IST">
  <testcase classname="Selenium_Grid.MyFirstTestNG" name="Test1" time="0.001"/>
  <testcase classname="Selenium_Grid.MyFirstTestNG" name="Test2" time="0.002"/>
  <testcase classname="Selenium_Grid.MyFirstTestNG" name="Test3" time="0.002"/>
</testsuite> <!-- MyFirstTestNG -->
