<?xml version="1.0" encoding="UTF-8"?>
<!-- Generated by org.testng.reporters.JUnitXMLReporter -->
<testsuite ignored="0" hostname="IND-CHN-LT12587" failures="0" tests="4" name="SeleniumWithTestNG" time="6.68" errors="0" timestamp="2024-09-11T23:13:11 IST">
  <testcase classname="Selenium_Grid.SeleniumWithTestNG" name="startbrowser" time="6.195"/>
  <testcase classname="Selenium_Grid.SeleniumWithTestNG" name="currentURL" time="0.02"/>
  <testcase classname="Selenium_Grid.SeleniumWithTestNG" name="Title" time="0.019"/>
  <testcase classname="Selenium_Grid.SeleniumWithTestNG" name="closebrowser" time="0.361"/>
</testsuite> <!-- SeleniumWithTestNG -->
