<?xml version="1.0" encoding="UTF-8"?>
<testng-results ignored="0" total="3" passed="3" failed="0" skipped="0">
  <reporter-output>
    <line>
      <![CDATA[test 1 executed]]>
    </line>
    <line>
      <![CDATA[test 2 executed]]>
    </line>
    <line>
      <![CDATA[test 3 executed]]>
    </line>
  </reporter-output>
  <suite started-at="2024-10-23T13:42:17 IST" name="Default suite" finished-at="2024-10-23T13:42:17 IST" duration-ms="83">
    <groups>
    </groups>
    <test started-at="2024-10-23T13:42:17 IST" name="Default test" finished-at="2024-10-23T13:42:17 IST" duration-ms="83">
      <class name="TestNG.ParallelExecution">
        <test-method signature="test1()[pri:0, instance:TestNG.ParallelExecution@1623134f]" started-at="2024-10-23T13:42:17 IST" name="test1" finished-at="2024-10-23T13:42:17 IST" duration-ms="13" status="PASS">
          <reporter-output>
            <line>
              <![CDATA[test 1 executed]]>
            </line>
          </reporter-output>
        </test-method> <!-- test1 -->
        <test-method signature="test2()[pri:0, instance:TestNG.ParallelExecution@1623134f]" started-at="2024-10-23T13:42:17 IST" name="test2" finished-at="2024-10-23T13:42:17 IST" duration-ms="3" status="PASS">
          <reporter-output>
            <line>
              <![CDATA[test 2 executed]]>
            </line>
          </reporter-output>
        </test-method> <!-- test2 -->
        <test-method signature="test3()[pri:0, instance:TestNG.ParallelExecution@1623134f]" started-at="2024-10-23T13:42:17 IST" name="test3" finished-at="2024-10-23T13:42:17 IST" duration-ms="2" status="PASS">
          <reporter-output>
            <line>
              <![CDATA[test 3 executed]]>
            </line>
          </reporter-output>
        </test-method> <!-- test3 -->
      </class> <!-- TestNG.ParallelExecution -->
    </test> <!-- Default test -->
  </suite> <!-- Default suite -->
</testng-results>
